DiagnosticsPlugin.exe Information: 0 : [10/02/2016 11:36:16] Starting DiagnosticPlugin.exe DiagnosticPlugin-ShutdownEvent DiagnosticPlugin-TotalShutdownEvent -wadVer1v4
DiagnosticsPlugin.exe Information: 0 : [10/02/2016 11:36:16] Successfully saved IIS Directory state
DiagnosticsPlugin.exe Information: 0 : [10/02/2016 11:36:16] Starting DiagnosticsPlugin
DiagnosticsPlugin.exe Information: 0 : [10/02/2016 11:36:16] Emulator config file set to C:\Users\stanislav.stoyanov\documents\visual studio 2015\Projects\NextGamesChat\NextGamesChatCloud\csx\Debug\roles\NextGamesChat\approot\diagnostics.wadcfgx
DiagnosticsPlugin.exe Information: 0 : [10/02/2016 11:36:16] DiagnosticsStoreRootPath set to: C:\Users\stanislav.stoyanov\AppData\Local\dftmp\Resources\117bea1f-52a6-4ff8-a08e-0bcd6de36b9e
DiagnosticsPlugin.exe Information: 0 : [10/02/2016 11:36:16] Loading config file: C:\Users\stanislav.stoyanov\documents\visual studio 2015\Projects\NextGamesChat\NextGamesChatCloud\csx\Debug\roles\NextGamesChat\approot\diagnostics.wadcfgx
DiagnosticsPlugin.exe Information: 0 : [10/02/2016 11:36:16] Checking VM Type
DiagnosticsPlugin.exe Information: 0 : [10/02/2016 11:36:16] Emulator config file set to C:\Users\stanislav.stoyanov\documents\visual studio 2015\Projects\NextGamesChat\NextGamesChatCloud\csx\Debug\roles\NextGamesChat\approot\diagnostics.wadcfgx
DiagnosticsPlugin.exe Information: 0 : [10/02/2016 11:36:16] Extension set to Emulator Mode
DiagnosticsPlugin.exe Information: 0 : [10/02/2016 11:36:16] Reading XML configuration file
DiagnosticsPlugin.exe Information: 0 : [10/02/2016 11:36:16] Bypassing private config decryption
DiagnosticsPlugin.exe Information: 0 : [10/02/2016 11:36:16] WadCfg is provided in initial configuration. Using that to initialize Diagnostics.
DiagnosticsPlugin.exe Information: 0 : [10/02/2016 11:36:16] <PublicConfig xmlns="http://schemas.microsoft.com/ServiceHosting/2010/10/DiagnosticsConfiguration">
  <WadCfg>
    <DiagnosticMonitorConfiguration overallQuotaInMB="4096">
      <DiagnosticInfrastructureLogs scheduledTransferLogLevelFilter="Error" />
      <Logs scheduledTransferPeriod="PT1M" scheduledTransferLogLevelFilter="Error" />
      <Directories scheduledTransferPeriod="PT1M">
        <IISLogs containerName="wad-iis-logfiles" />
        <FailedRequestLogs containerName="wad-failedrequestlogs" />
      </Directories>
      <WindowsEventLog scheduledTransferPeriod="PT1M">
        <DataSource name="Application!*" />
      </WindowsEventLog>
      <CrashDumps containerName="wad-crashdumps" dumpType="Mini">
        <CrashDumpConfiguration processName="WaIISHost.exe" />
        <CrashDumpConfiguration processName="WaWorkerHost.exe" />
        <CrashDumpConfiguration processName="w3wp.exe" />
      </CrashDumps>
      <PerformanceCounters scheduledTransferPeriod="PT1M">
        <PerformanceCounterConfiguration counterSpecifier="\Memory\Available MBytes" sampleRate="PT3M" />
        <PerformanceCounterConfiguration counterSpecifier="\Web Service(_Total)\ISAPI Extension Requests/sec" sampleRate="PT3M" />
        <PerformanceCounterConfiguration counterSpecifier="\Web Service(_Total)\Bytes Total/Sec" sampleRate="PT3M" />
        <PerformanceCounterConfiguration counterSpecifier="\ASP.NET Applications(__Total__)\Requests/Sec" sampleRate="PT3M" />
        <PerformanceCounterConfiguration counterSpecifier="\ASP.NET Applications(__Total__)\Errors Total/Sec" sampleRate="PT3M" />
        <PerformanceCounterConfiguration counterSpecifier="\ASP.NET\Requests Queued" sampleRate="PT3M" />
        <PerformanceCounterConfiguration counterSpecifier="\ASP.NET\Requests Rejected" sampleRate="PT3M" />
        <PerformanceCounterConfiguration counterSpecifier="\Processor(_Total)\% Processor Time" sampleRate="PT3M" />
      </PerformanceCounters>
    </DiagnosticMonitorConfiguration>
  </WadCfg>
  <StorageAccount>devstoreaccount1</StorageAccount>
</PublicConfig>
DiagnosticsPlugin.exe Information: 0 : [10/02/2016 11:36:16] Private setting is loaded
DiagnosticsPlugin.exe Information: 0 : [10/02/2016 11:36:16] Successfully created checkpoint file C:\Users\stanislav.stoyanov\AppData\Local\dftmp\Resources\117bea1f-52a6-4ff8-a08e-0bcd6de36b9e\WAD0104\Configuration\Checkpoint.txt
DiagnosticsPlugin.exe Information: 0 : [10/02/2016 11:36:16] Will use local resource directory C:\Users\stanislav.stoyanov\AppData\Local\dftmp\Resources\117bea1f-52a6-4ff8-a08e-0bcd6de36b9e\WAD0104
DiagnosticsPlugin.exe Information: 0 : [10/02/2016 11:36:17] Will use endpoint https://core.windows.net for storage.
DiagnosticsPlugin.exe Information: 0 : [10/02/2016 11:36:17] Expanding path %SystemDrive%\inetpub\logs\LogFiles to C:\inetpub\logs\LogFiles
DiagnosticsPlugin.exe Information: 0 : [10/02/2016 11:36:17] Expanding path %SystemDrive%\inetpub\logs\FailedReqLogFiles to C:\inetpub\logs\FailedReqLogFiles
DiagnosticsPlugin.exe Information: 0 : [10/02/2016 11:36:17] Created IIS log watch item: "C:\inetpub\logs\LogFiles"
DiagnosticsPlugin.exe Information: 0 : [10/02/2016 11:36:17] Created IIS failed requests watch item: "C:\inetpub\logs\FailedReqLogFiles"
DiagnosticsPlugin.exe Information: 0 : [10/02/2016 11:36:17] Running in emulator mode, crash dumps not enabled
DiagnosticsPlugin.exe Information: 0 : [10/02/2016 11:36:17] In emulator mode and using devstore updating XStoreAccount info, command line args: -LocalPath "C:\Users\stanislav.stoyanov\AppData\Local\dftmp\Resources\117bea1f-52a6-4ff8-a08e-0bcd6de36b9e\WAD0104"  -ConfigFile "C:\Users\stanislav.stoyanov\AppData\Local\dftmp\Resources\117bea1f-52a6-4ff8-a08e-0bcd6de36b9e\WAD0104\Configuration\MaConfig.xml" -ShutDownEvent WADDM-ShutDown-e842c742c631433ba881448236796e3b  -TotalShutDownEvent WADDM-TotalShutDown-e842c742c631433ba881448236796e3b -InitializedEvent WADM-StartUp-e842c742c631433ba881448236796e3b -parent 15644 -events -wadVer1v4 -UseProxyServer -XStoreAccounts WadAccount#true#devstoreaccount1#Eby8vdM02xNOcqFlqUwJPLlmEtlCDXJ1OUzFT50uSRZ6IFsuFq2UVErCz4I6tq/K1SZFPTOtr/KBHBeksoGMGw==#http://127.0.0.1:10002#http://127.0.0.1:10001#http://127.0.0.1:10000
